Flow report for lab4_goah
Thu Apr 06 11:24:29 2017
Quartus Prime Version 16.0.0 Build 211 04/27/2016 SJ Lite Edition


---------------------
; Table of Contents ;
---------------------
  1. Legal Notice
  2. Flow Summary
  3. Flow Settings
  4. Flow Non-Default Global Settings
  5. Flow Elapsed Time
  6. Flow OS Summary
  7. Flow Log
  8. Flow Messages
  9. Flow Suppressed Messages



----------------
; Legal Notice ;
----------------
Copyright (C) 1991-2016 Altera Corporation. All rights reserved.
Your use of Altera Corporation's design tools, logic functions 
and other software and tools, and its AMPP partner logic 
functions, and any output files from any of the foregoing 
(including device programming or simulation files), and any 
associated documentation or information are expressly subject 
to the terms and conditions of the Altera Program License 
Subscription Agreement, the Altera Quartus Prime License Agreement,
the Altera MegaCore Function License Agreement, or other 
applicable license agreement, including, without limitation, 
that your use is for the sole purpose of programming logic 
devices manufactured by Altera and sold by Altera or its 
authorized distributors.  Please refer to the applicable 
agreement for further details.



+-------------------------------------------------------------------------------+
; Flow Summary                                                                  ;
+---------------------------------+---------------------------------------------+
; Flow Status                     ; Successful - Thu Apr 06 11:24:29 2017       ;
; Quartus Prime Version           ; 16.0.0 Build 211 04/27/2016 SJ Lite Edition ;
; Revision Name                   ; lab4_goah                                   ;
; Top-level Entity Name           ; vhdl_space_invaders_top                     ;
; Family                          ; Cyclone V                                   ;
; Device                          ; 5CSEMA5F31C6                                ;
; Timing Models                   ; Final                                       ;
; Logic utilization (in ALMs)     ; 7,015 / 32,070 ( 22 % )                     ;
; Total registers                 ; 1128                                        ;
; Total pins                      ; 34 / 457 ( 7 % )                            ;
; Total virtual pins              ; 0                                           ;
; Total block memory bits         ; 0 / 4,065,280 ( 0 % )                       ;
; Total DSP Blocks                ; 0 / 87 ( 0 % )                              ;
; Total HSSI RX PCSs              ; 0                                           ;
; Total HSSI PMA RX Deserializers ; 0                                           ;
; Total HSSI TX PCSs              ; 0                                           ;
; Total HSSI PMA TX Serializers   ; 0                                           ;
; Total PLLs                      ; 1 / 6 ( 17 % )                              ;
; Total DLLs                      ; 0 / 4 ( 0 % )                               ;
+---------------------------------+---------------------------------------------+


+-----------------------------------------+
; Flow Settings                           ;
+-------------------+---------------------+
; Option            ; Setting             ;
+-------------------+---------------------+
; Start date & time ; 04/06/2017 11:10:54 ;
; Main task         ; Compilation         ;
; Revision Name     ; lab4_goah           ;
+-------------------+---------------------+


+----------------------------------------------------------------------------------------------------------------------------------+
; Flow Non-Default Global Settings                                                                                                 ;
+-------------------------------------+---------------------------------+---------------+-------------------------+----------------+
; Assignment Name                     ; Value                           ; Default Value ; Entity Name             ; Section Id     ;
+-------------------------------------+---------------------------------+---------------+-------------------------+----------------+
; COMPILER_SIGNATURE_ID               ; 264390082101845.149149145415956 ; --            ; --                      ; --             ;
; EDA_OUTPUT_DATA_FORMAT              ; Vhdl                            ; --            ; --                      ; eda_simulation ;
; EDA_SIMULATION_TOOL                 ; ModelSim-Altera (VHDL)          ; <None>        ; --                      ; --             ;
; MAX_CORE_JUNCTION_TEMP              ; 85                              ; --            ; --                      ; --             ;
; MIN_CORE_JUNCTION_TEMP              ; 0                               ; --            ; --                      ; --             ;
; MISC_FILE                           ; vga_clk.cmp                     ; --            ; --                      ; --             ;
; MISC_FILE                           ; vga_clk_sim/vga_clk.vho         ; --            ; --                      ; --             ;
; PARTITION_COLOR                     ; 16764057                        ; --            ; vhdl_space_invaders_top ; Top            ;
; PARTITION_FITTER_PRESERVATION_LEVEL ; PLACEMENT_AND_ROUTING           ; --            ; vhdl_space_invaders_top ; Top            ;
; PARTITION_NETLIST_TYPE              ; SOURCE                          ; --            ; vhdl_space_invaders_top ; Top            ;
; PROJECT_OUTPUT_DIRECTORY            ; output_files                    ; --            ; --                      ; --             ;
; SPD_FILE                            ; vga_clk.spd                     ; --            ; --                      ; --             ;
; SYNTHESIS_ONLY_QIP                  ; On                              ; --            ; --                      ; --             ;
; TOP_LEVEL_ENTITY                    ; vhdl_space_invaders_top         ; lab4_goah     ; --                      ; --             ;
+-------------------------------------+---------------------------------+---------------+-------------------------+----------------+


+-------------------------------------------------------------------------------------------------------------------------------+
; Flow Elapsed Time                                                                                                             ;
+---------------------------+--------------+-------------------------+---------------------+------------------------------------+
; Module Name               ; Elapsed Time ; Average Processors Used ; Peak Virtual Memory ; Total CPU Time (on all processors) ;
+---------------------------+--------------+-------------------------+---------------------+------------------------------------+
; Analysis & Synthesis      ; 00:00:43     ; 1.0                     ; 1125 MB             ; 00:00:56                           ;
; Fitter                    ; 00:10:04     ; 1.3                     ; 2794 MB             ; 00:25:32                           ;
; Assembler                 ; 00:00:42     ; 1.0                     ; 1012 MB             ; 00:00:40                           ;
; TimeQuest Timing Analyzer ; 00:01:22     ; 2.7                     ; 1443 MB             ; 00:03:23                           ;
; EDA Netlist Writer        ; 00:00:20     ; 1.0                     ; 1092 MB             ; 00:00:20                           ;
; Total                     ; 00:13:11     ; --                      ; --                  ; 00:30:51                           ;
+---------------------------+--------------+-------------------------+---------------------+------------------------------------+


+----------------------------------------------------------------------------------------+
; Flow OS Summary                                                                        ;
+---------------------------+------------------+-----------+------------+----------------+
; Module Name               ; Machine Hostname ; OS Name   ; OS Version ; Processor type ;
+---------------------------+------------------+-----------+------------+----------------+
; Analysis & Synthesis      ; AlexHale         ; Windows 8 ; 6.2        ; x86_64         ;
; Fitter                    ; AlexHale         ; Windows 8 ; 6.2        ; x86_64         ;
; Assembler                 ; AlexHale         ; Windows 8 ; 6.2        ; x86_64         ;
; TimeQuest Timing Analyzer ; AlexHale         ; Windows 8 ; 6.2        ; x86_64         ;
; EDA Netlist Writer        ; AlexHale         ; Windows 8 ; 6.2        ; x86_64         ;
+---------------------------+------------------+-----------+------------+----------------+


------------
; Flow Log ;
------------
quartus_map --read_settings_files=on --write_settings_files=off lab4_goah -c lab4_goah
quartus_fit --read_settings_files=off --write_settings_files=off lab4_goah -c lab4_goah
quartus_asm --read_settings_files=off --write_settings_files=off lab4_goah -c lab4_goah
quartus_sta lab4_goah -c lab4_goah
quartus_eda --read_settings_files=off --write_settings_files=off lab4_goah -c lab4_goah



