Flow report for ECSE222Lab1
Wed Mar 08 17:13:33 2017
Quartus Prime Version 16.0.0 Build 211 04/27/2016 SJ Lite Edition


---------------------
; Table of Contents ;
---------------------
  1. Legal Notice
  2. Flow Summary
  3. Flow Settings
  4. Flow Non-Default Global Settings
  5. Flow Elapsed Time
  6. Flow OS Summary
  7. Flow Log
  8. Flow Messages
  9. Flow Suppressed Messages



----------------
; Legal Notice ;
----------------
Copyright (C) 1991-2016 Altera Corporation. All rights reserved.
Your use of Altera Corporation's design tools, logic functions 
and other software and tools, and its AMPP partner logic 
functions, and any output files from any of the foregoing 
(including device programming or simulation files), and any 
associated documentation or information are expressly subject 
to the terms and conditions of the Altera Program License 
Subscription Agreement, the Altera Quartus Prime License Agreement,
the Altera MegaCore Function License Agreement, or other 
applicable license agreement, including, without limitation, 
that your use is for the sole purpose of programming logic 
devices manufactured by Altera and sold by Altera or its 
authorized distributors.  Please refer to the applicable 
agreement for further details.



+-------------------------------------------------------------------------------+
; Flow Summary                                                                  ;
+---------------------------------+---------------------------------------------+
; Flow Status                     ; Successful - Wed Mar 08 17:13:33 2017       ;
; Quartus Prime Version           ; 16.0.0 Build 211 04/27/2016 SJ Lite Edition ;
; Revision Name                   ; ECSE222Lab1                                 ;
; Top-level Entity Name           ; lab1_top_level_test                         ;
; Family                          ; Cyclone V                                   ;
; Device                          ; 5CSEMA5F31C6                                ;
; Timing Models                   ; Final                                       ;
; Logic utilization (in ALMs)     ; 9 / 32,070 ( < 1 % )                        ;
; Total registers                 ; 0                                           ;
; Total pins                      ; 25 / 457 ( 5 % )                            ;
; Total virtual pins              ; 0                                           ;
; Total block memory bits         ; 0 / 4,065,280 ( 0 % )                       ;
; Total DSP Blocks                ; 0 / 87 ( 0 % )                              ;
; Total HSSI RX PCSs              ; 0                                           ;
; Total HSSI PMA RX Deserializers ; 0                                           ;
; Total HSSI TX PCSs              ; 0                                           ;
; Total HSSI PMA TX Serializers   ; 0                                           ;
; Total PLLs                      ; 0 / 6 ( 0 % )                               ;
; Total DLLs                      ; 0 / 4 ( 0 % )                               ;
+---------------------------------+---------------------------------------------+


+-----------------------------------------+
; Flow Settings                           ;
+-------------------+---------------------+
; Option            ; Setting             ;
+-------------------+---------------------+
; Start date & time ; 03/08/2017 17:12:31 ;
; Main task         ; Compilation         ;
; Revision Name     ; ECSE222Lab1         ;
+-------------------+---------------------+


+------------------------------------------------------------------------------------------------------------------------------------+
; Flow Non-Default Global Settings                                                                                                   ;
+-------------------------------------+---------------------------------------+---------------+---------------------+----------------+
; Assignment Name                     ; Value                                 ; Default Value ; Entity Name         ; Section Id     ;
+-------------------------------------+---------------------------------------+---------------+---------------------+----------------+
; COMPILER_SIGNATURE_ID               ; 264390082101845.148901115117020       ; --            ; --                  ; --             ;
; EDA_OUTPUT_DATA_FORMAT              ; Verilog Hdl                           ; --            ; --                  ; eda_simulation ;
; EDA_SIMULATION_TOOL                 ; ModelSim-Altera (Verilog)             ; <None>        ; --                  ; --             ;
; EDA_TIME_SCALE                      ; 1 ps                                  ; --            ; --                  ; eda_simulation ;
; MAX_CORE_JUNCTION_TEMP              ; 85                                    ; --            ; --                  ; --             ;
; MIN_CORE_JUNCTION_TEMP              ; 0                                     ; --            ; --                  ; --             ;
; PARTITION_COLOR                     ; 16764057                              ; --            ; lab1_top_level_test ; Top            ;
; PARTITION_FITTER_PRESERVATION_LEVEL ; PLACEMENT_AND_ROUTING                 ; --            ; lab1_top_level_test ; Top            ;
; PARTITION_NETLIST_TYPE              ; SOURCE                                ; --            ; lab1_top_level_test ; Top            ;
; POWER_BOARD_THERMAL_MODEL           ; None (CONSERVATIVE)                   ; --            ; --                  ; --             ;
; POWER_PRESET_COOLING_SOLUTION       ; 23 MM HEAT SINK WITH 200 LFPM AIRFLOW ; --            ; --                  ; --             ;
; PROJECT_OUTPUT_DIRECTORY            ; output_files                          ; --            ; --                  ; --             ;
; TOP_LEVEL_ENTITY                    ; lab1_top_level_test                   ; ECSE222Lab1   ; --                  ; --             ;
+-------------------------------------+---------------------------------------+---------------+---------------------+----------------+


+-------------------------------------------------------------------------------------------------------------------------------+
; Flow Elapsed Time                                                                                                             ;
+---------------------------+--------------+-------------------------+---------------------+------------------------------------+
; Module Name               ; Elapsed Time ; Average Processors Used ; Peak Virtual Memory ; Total CPU Time (on all processors) ;
+---------------------------+--------------+-------------------------+---------------------+------------------------------------+
; Analysis & Synthesis      ; 00:00:11     ; 1.0                     ; 949 MB              ; 00:00:25                           ;
; Fitter                    ; 00:00:36     ; 1.0                     ; 2125 MB             ; 00:00:43                           ;
; Assembler                 ; 00:00:06     ; 1.0                     ; 917 MB              ; 00:00:06                           ;
; TimeQuest Timing Analyzer ; 00:00:04     ; 1.0                     ; 1156 MB             ; 00:00:04                           ;
; EDA Netlist Writer        ; 00:00:01     ; 1.0                     ; 819 MB              ; 00:00:01                           ;
; Total                     ; 00:00:58     ; --                      ; --                  ; 00:01:19                           ;
+---------------------------+--------------+-------------------------+---------------------+------------------------------------+


+----------------------------------------------------------------------------------------+
; Flow OS Summary                                                                        ;
+---------------------------+------------------+-----------+------------+----------------+
; Module Name               ; Machine Hostname ; OS Name   ; OS Version ; Processor type ;
+---------------------------+------------------+-----------+------------+----------------+
; Analysis & Synthesis      ; AlexHale         ; Windows 8 ; 6.2        ; x86_64         ;
; Fitter                    ; AlexHale         ; Windows 8 ; 6.2        ; x86_64         ;
; Assembler                 ; AlexHale         ; Windows 8 ; 6.2        ; x86_64         ;
; TimeQuest Timing Analyzer ; AlexHale         ; Windows 8 ; 6.2        ; x86_64         ;
; EDA Netlist Writer        ; AlexHale         ; Windows 8 ; 6.2        ; x86_64         ;
+---------------------------+------------------+-----------+------------+----------------+


------------
; Flow Log ;
------------
quartus_map --read_settings_files=on --write_settings_files=off ECSE222Lab1 -c ECSE222Lab1
quartus_fit --read_settings_files=off --write_settings_files=off ECSE222Lab1 -c ECSE222Lab1
quartus_asm --read_settings_files=off --write_settings_files=off ECSE222Lab1 -c ECSE222Lab1
quartus_sta ECSE222Lab1 -c ECSE222Lab1
quartus_eda --read_settings_files=off --write_settings_files=off ECSE222Lab1 -c ECSE222Lab1



